flex --outfile=yylex.cpp scanner.l 2>yylex.output
grep -v '^ ' yylex.output
gmake: [yylex.cpp] Error 1 (ignored)
g++ -std=gnu++14 -g -O0 -Wall -Wextra -c yylex.cpp
scanner.l: In function ‘int yylex()’:
scanner.l:42:23: error: ‘TOK_BOOL’ was not declared in this scope
 "bool"          { return yylval_token(TOK_BOOL); }
                       ^
scanner.l:43:23: error: ‘TO_CHAR’ was not declared in this scope
 "char"          { return yylval_token(TO_CHAR); }
                       ^
scanner.l:51:23: error: ‘TOK_FALSE’ was not declared in this scope
 "false"         { return yylval_token(TOK_FALSE); }
                       ^
scanner.l:52:23: error: ‘TOK_TRUE’ was not declared in this scope
 "true"          { return yylval_token(TOK_TRUE); }
                       ^
yylex.cpp: In function ‘yy_buffer_state* yy_scan_bytes(const char*, yy_size_t)’:
yylex.cpp:2069:17: warning: comparison between signed and unsigned integer expressions [-Wsign-compare]
  for ( i = 0; i < _yybytes_len; ++i )
                 ^
gmake: *** [yylex.o] Error 1
